서버 로그 2019-03-07 11:07:24 >> 서버 설정 시작
서버 로그 2019-03-07 11:07:24 >> 서버 설정 완료
서버 로그 2019-03-07 11:07:24 >> 서버 서비스 시작 중 ('::1', 8888, 0, 0) 
서버 로그 2019-03-07 11:07:26 >> 데이터를 받아옴 : 123 
서버 로그 2019-03-07 11:07:26 >> 소켓 종료
서버 로그 2019-03-07 11:07:28 >> 데이터를 받아옴 :   
서버 로그 2019-03-07 11:07:28 >> 소켓 종료
서버 로그 2019-03-07 11:07:29 >> 데이터를 받아옴 :       
서버 로그 2019-03-07 11:07:29 >> 소켓 종료
서버 로그 2019-03-07 11:07:31 >> 데이터를 받아옴 :       
서버 로그 2019-03-07 11:07:31 >> 소켓 종료
서버 로그 2019-03-07 11:07:32 >> 데이터를 받아옴 : clear 
서버 로그 2019-03-07 11:07:32 >> 소켓 종료
서버 로그 2019-03-07 11:07:36 >> 데이터를 받아옴 : ls - 
서버 로그 2019-03-07 11:07:36 >> 소켓 종료
서버 로그 2019-03-07 11:07:42 >> 데이터를 받아옴 : ls -al 
서버 로그 2019-03-07 11:07:42 >> 소켓 종료
서버 로그 2019-03-07 11:07:45 >> 데이터를 받아옴 : ls -al  
서버 로그 2019-03-07 11:07:45 >> 소켓 종료
서버 로그 2019-03-07 11:07:46 >> 데이터를 받아옴 : clear 
서버 로그 2019-03-07 11:07:46 >> 소켓 종료
서버 로그 2019-03-07 11:07:47 >> 데이터를 받아옴 : vaisdviasv 
서버 로그 2019-03-07 11:07:47 >> 소켓 종료
서버 로그 2019-03-07 11:07:50 >> 데이터를 받아옴 : ls -al 
서버 로그 2019-03-07 11:07:50 >> 소켓 종료
서버 로그 2019-03-07 11:07:52 >> 데이터를 받아옴 : ssss 
서버 로그 2019-03-07 11:07:52 >> 소켓 종료
서버 로그 2019-03-07 11:07:54 >> 데이터를 받아옴 : ls -al  
서버 로그 2019-03-07 11:07:54 >> 소켓 종료
서버 로그 2019-03-07 11:07:56 >> 데이터를 받아옴 : clear 
서버 로그 2019-03-07 11:08:53 >> 서버 설정 시작
서버 로그 2019-03-07 11:08:53 >> 서버 설정 완료
서버 로그 2019-03-07 11:08:53 >> 서버 서비스 시작 중 ('::1', 8888, 0, 0) 
서버 로그 2019-03-07 11:08:56 >> 데이터를 받아옴 : 123 
서버 로그 2019-03-07 11:08:56 >> 소켓 종료
서버 로그 2019-03-07 11:08:57 >> 데이터를 받아옴 : 123 
서버 로그 2019-03-07 11:08:57 >> 소켓 종료
서버 로그 2019-03-07 11:08:59 >> 데이터를 받아옴 : 칟ㅁㄱ 
서버 로그 2019-03-07 11:08:59 >> 소켓 종료
서버 로그 2019-03-07 11:09:03 >> 데이터를 받아옴 : ㄱㄴㄷ 
